
Time: 0.0000

Time: 0.0030

Time: 0.0060

Time: 0.0090

Time: 0.0120

Time: 0.0150

Time: 0.0180

Time: 0.0210

Time: 0.0240
0 0.384000 

Time: 0.0270

Time: 0.0300

Time: 0.0330

Time: 0.0360

Time: 0.0390

Time: 0.0420

Time: 0.0450

Time: 0.0480

Time: 0.0510

Time: 0.0540

Time: 0.0570

Time: 0.0600

Time: 0.0630

Time: 0.0660

Time: 0.0690

Time: 0.0720

Time: 0.0750

Time: 0.0780

Time: 0.0810

Time: 0.0840
0 0.048000 

Time: 0.0870

Time: 0.0900

Time: 0.0930

Time: 0.0960

Time: 0.0990

Time: 0.1020

Time: 0.1050

Time: 0.1080

Time: 0.1110

Time: 0.1140

Time: 0.1170

Time: 0.1200

Time: 0.1230

Time: 0.1260

Time: 0.1290

Time: 0.1320

Time: 0.1350

Time: 0.1380

Time: 0.1410

Time: 0.1440

Time: 0.1470

Time: 0.1500

Time: 0.1530

Time: 0.1560

Time: 0.1590

Time: 0.1620

Time: 0.1650

Time: 0.1680

Time: 0.1710

Time: 0.1740

Time: 0.1770

Time: 0.1800

Time: 0.1830

Time: 0.1860

Time: 0.1890

Time: 0.1920

Time: 0.1950

Time: 0.1980

Time: 0.2010

Time: 0.2040

Time: 0.2070

Time: 0.2100

Time: 0.2130

Time: 0.2160

Time: 0.2190

Time: 0.2220

Time: 0.2250

Time: 0.2280

Time: 0.2310

Time: 0.2340

Time: 0.2370

Time: 0.2400

Time: 0.2430

Time: 0.2460

Time: 0.2490

Time: 0.2520

Time: 0.2550

Time: 0.2580

Time: 0.2610

Time: 0.2640

Time: 0.2670

Time: 0.2700

Time: 0.2730

Time: 0.2760

Time: 0.2790

Time: 0.2820

Time: 0.2850

Time: 0.2880

Time: 0.2910

Time: 0.2940

Time: 0.2970

Time: 0.3000

Time: 0.3030

Time: 0.3060

Time: 0.3090

Time: 0.3120

Time: 0.3150

Time: 0.3180

Time: 0.3210

Time: 0.3240

Time: 0.3270

Time: 0.3300

Time: 0.3330

Time: 0.3360

Time: 0.3390

Time: 0.3420

Time: 0.3450

Time: 0.3480

Time: 0.3510

Time: 0.3540

Time: 0.3570

Time: 0.3600

Time: 0.3630

Time: 0.3660

Time: 0.3690

Time: 0.3720

Time: 0.3750

Time: 0.3780

Time: 0.3810

Time: 0.3840

Time: 0.3870

Time: 0.3900

Time: 0.3930

Time: 0.3960

Time: 0.3990

Time: 0.4020

Time: 0.4050

Time: 0.4080

Time: 0.4110

Time: 0.4140

Time: 0.4170

Time: 0.4200

Time: 0.4230

Time: 0.4260

Time: 0.4290

Time: 0.4320

Time: 0.4350

Time: 0.4380

Time: 0.4410

Time: 0.4440

Time: 0.4470

Time: 0.4500

Time: 0.4530

Time: 0.4560

Time: 0.4590

Time: 0.4620

Time: 0.4650

Time: 0.4680

Time: 0.4710

Time: 0.4740

Time: 0.4770

Time: 0.4800

Time: 0.4830

Time: 0.4860

Time: 0.4890

Time: 0.4920

Time: 0.4950

Time: 0.4980

Time: 0.5010

Time: 0.5040

Time: 0.5070

Time: 0.5100

Time: 0.5130

Time: 0.5160

Time: 0.5190

Time: 0.5220

Time: 0.5250

Time: 0.5280

Time: 0.5310

Time: 0.5340

Time: 0.5370

Time: 0.5400

Time: 0.5430

Time: 0.5460

Time: 0.5490

Time: 0.5520

Time: 0.5550

Time: 0.5580

Time: 0.5610

Time: 0.5640

Time: 0.5670

Time: 0.5700

Time: 0.5730

Time: 0.5760

Time: 0.5790

Time: 0.5820

Time: 0.5850

Time: 0.5880

Time: 0.5910

Time: 0.5940

Time: 0.5970

Time: 0.6000

Time: 0.6030

Time: 0.6060

Time: 0.6090

Time: 0.6120

Time: 0.6150

Time: 0.6180

Time: 0.6210

Time: 0.6240

Time: 0.6270

Time: 0.6300

Time: 0.6330

Time: 0.6360

Time: 0.6390

Time: 0.6420

Time: 0.6450

Time: 0.6480

Time: 0.6510

Time: 0.6540

Time: 0.6570

Time: 0.6600

Time: 0.6630

Time: 0.6660

Time: 0.6690

Time: 0.6720

Time: 0.6750

Time: 0.6780

Time: 0.6810

Time: 0.6840

Time: 0.6870

Time: 0.6900

Time: 0.6930

Time: 0.6960

Time: 0.6990

Time: 0.7020

Time: 0.7050

Time: 0.7080

Time: 0.7110

Time: 0.7140

Time: 0.7170

Time: 0.7200

Time: 0.7230

Time: 0.7260

Time: 0.7290

Time: 0.7320

Time: 0.7350

Time: 0.7380

Time: 0.7410

Time: 0.7440

Time: 0.7470

Time: 0.7500

Time: 0.7530

Time: 0.7560

Time: 0.7590

Time: 0.7620

Time: 0.7650

Time: 0.7680

Time: 0.7710

Time: 0.7740

Time: 0.7770

Time: 0.7800

Time: 0.7830

Time: 0.7860

Time: 0.7890

Time: 0.7920

Time: 0.7950

Time: 0.7980

Time: 0.8010

Time: 0.8040

Time: 0.8070

Time: 0.8100

Time: 0.8130

Time: 0.8160

Time: 0.8190

Time: 0.8220

Time: 0.8250

Time: 0.8280

Time: 0.8310

Time: 0.8340

Time: 0.8370

Time: 0.8400

Time: 0.8430

Time: 0.8460

Time: 0.8490

Time: 0.8520

Time: 0.8550

Time: 0.8580

Time: 0.8610

Time: 0.8640

Time: 0.8670

Time: 0.8700

Time: 0.8730

Time: 0.8760

Time: 0.8790

Time: 0.8820

Time: 0.8850

Time: 0.8880

Time: 0.8910

Time: 0.8940

Time: 0.8970

Time: 0.9000

Time: 0.9030

Time: 0.9060

Time: 0.9090

Time: 0.9120

Time: 0.9150

Time: 0.9180

Time: 0.9210

Time: 0.9240

Time: 0.9270

Time: 0.9300

Time: 0.9330

Time: 0.9360

Time: 0.9390

Time: 0.9420

Time: 0.9450

Time: 0.9480

Time: 0.9510

Time: 0.9540

Time: 0.9570

Time: 0.9600

Time: 0.9630

Time: 0.9660

Time: 0.9690

Time: 0.9720

Time: 0.9750

Time: 0.9780

Time: 0.9810

Time: 0.9840

Time: 0.9870

Time: 0.9900

Time: 0.9930

Time: 0.9960

Time: 0.9990

Time: 1.0020

Time: 1.0050

Time: 1.0080

Time: 1.0110

Time: 1.0140

Time: 1.0170

Time: 1.0200

Time: 1.0230

Time: 1.0260

Time: 1.0290

Time: 1.0320

Time: 1.0350

Time: 1.0380

Time: 1.0410

Time: 1.0440

Time: 1.0470

Time: 1.0500

Time: 1.0530

Time: 1.0560

Time: 1.0590

Time: 1.0620

Time: 1.0650

Time: 1.0680

Time: 1.0710

Time: 1.0740

Time: 1.0770

Time: 1.0800

Time: 1.0830

Time: 1.0860

Time: 1.0890

Time: 1.0920

Time: 1.0950

Time: 1.0980

Time: 1.1010

Time: 1.1040

Time: 1.1070

Time: 1.1100

Time: 1.1130

Time: 1.1160

Time: 1.1190

Time: 1.1220

Time: 1.1250

Time: 1.1280

Time: 1.1310

Time: 1.1340

Time: 1.1370

Time: 1.1400

Time: 1.1430

Time: 1.1460

Time: 1.1490

Time: 1.1520

Time: 1.1550

Time: 1.1580

Time: 1.1610

Time: 1.1640

Time: 1.1670

Time: 1.1700

Time: 1.1730

Time: 1.1760

Time: 1.1790

Time: 1.1820

Time: 1.1850

Time: 1.1880

Time: 1.1910

Time: 1.1940

Time: 1.1970

Time: 1.2000

Time: 1.2030

Time: 1.2060

Time: 1.2090

Time: 1.2120

Time: 1.2150

Time: 1.2180

Time: 1.2210

Time: 1.2240

Time: 1.2270

Time: 1.2300

Time: 1.2330

Time: 1.2360

Time: 1.2390

Time: 1.2420

Time: 1.2450

Time: 1.2480

Time: 1.2510

Time: 1.2540

Time: 1.2570

Time: 1.2600

Time: 1.2630

Time: 1.2660

Time: 1.2690

Time: 1.2720

Time: 1.2750

Time: 1.2780

Time: 1.2810

Time: 1.2840

Time: 1.2870

Time: 1.2900

Time: 1.2930

Time: 1.2960

Time: 1.2990

Time: 1.3020

Time: 1.3050

Time: 1.3080

Time: 1.3110

Time: 1.3140

Time: 1.3170

Time: 1.3200

Time: 1.3230

Time: 1.3260

Time: 1.3290

Time: 1.3320

Time: 1.3350

Time: 1.3380

Time: 1.3410

Time: 1.3440

Time: 1.3470

Time: 1.3500

Time: 1.3530

Time: 1.3560

Time: 1.3590

Time: 1.3620

Time: 1.3650

Time: 1.3680

Time: 1.3710

Time: 1.3740

Time: 1.3770

Time: 1.3800

Time: 1.3830

Time: 1.3860

Time: 1.3890

Time: 1.3920

Time: 1.3950

Time: 1.3980

Time: 1.4010

Time: 1.4040

Time: 1.4070

Time: 1.4100

Time: 1.4130

Time: 1.4160

Time: 1.4190

Time: 1.4220

Time: 1.4250

Time: 1.4280

Time: 1.4310

Time: 1.4340

Time: 1.4370

Time: 1.4400

Time: 1.4430

Time: 1.4460

Time: 1.4490

Time: 1.4520

Time: 1.4550

Time: 1.4580

Time: 1.4610

Time: 1.4640

Time: 1.4670

Time: 1.4700

Time: 1.4730

Time: 1.4760

Time: 1.4790

Time: 1.4820

Time: 1.4850

Time: 1.4880

Time: 1.4910

Time: 1.4940

Time: 1.4970

Time: 1.5000

Time: 1.5030

Time: 1.5060

Time: 1.5090

Time: 1.5120

Time: 1.5150

Time: 1.5180

Time: 1.5210

Time: 1.5240

Time: 1.5270

Time: 1.5300

Time: 1.5330

Time: 1.5360

Time: 1.5390

Time: 1.5420

Time: 1.5450

Time: 1.5480

Time: 1.5510

Time: 1.5540

Time: 1.5570

Time: 1.5600

Time: 1.5630

Time: 1.5660

Time: 1.5690

Time: 1.5720

Time: 1.5750

Time: 1.5780

Time: 1.5810

Time: 1.5840

Time: 1.5870

Time: 1.5900

Time: 1.5930

Time: 1.5960

Time: 1.5990

Time: 1.6020

Time: 1.6050

Time: 1.6080

Time: 1.6110

Time: 1.6140

Time: 1.6170

Time: 1.6200

Time: 1.6230

Time: 1.6260

Time: 1.6290

Time: 1.6320

Time: 1.6350

Time: 1.6380

Time: 1.6410

Time: 1.6440

Time: 1.6470

Time: 1.6500

Time: 1.6530

Time: 1.6560

Time: 1.6590

Time: 1.6620

Time: 1.6650

Time: 1.6680

Time: 1.6710

Time: 1.6740

Time: 1.6770

Time: 1.6800

Time: 1.6830

Time: 1.6860

Time: 1.6890

Time: 1.6920

Time: 1.6950

Time: 1.6980

Time: 1.7010

Time: 1.7040

Time: 1.7070

Time: 1.7100

Time: 1.7130

Time: 1.7160

Time: 1.7190

Time: 1.7220

Time: 1.7250

Time: 1.7280

Time: 1.7310

Time: 1.7340

Time: 1.7370

Time: 1.7400

Time: 1.7430

Time: 1.7460

Time: 1.7490

Time: 1.7520

Time: 1.7550

Time: 1.7580

Time: 1.7610

Time: 1.7640

Time: 1.7670

Time: 1.7700

Time: 1.7730

Time: 1.7760

Time: 1.7790

Time: 1.7820

Time: 1.7850

Time: 1.7880

Time: 1.7910

Time: 1.7940

Time: 1.7970

Time: 1.8000

Time: 1.8030

Time: 1.8060

Time: 1.8090

Time: 1.8120

Time: 1.8150

Time: 1.8180

Time: 1.8210

Time: 1.8240

Time: 1.8270

Time: 1.8300

Time: 1.8330

Time: 1.8360

Time: 1.8390

Time: 1.8420

Time: 1.8450

Time: 1.8480

Time: 1.8510

Time: 1.8540

Time: 1.8570

Time: 1.8600

Time: 1.8630

Time: 1.8660

Time: 1.8690

Time: 1.8720

Time: 1.8750

Time: 1.8780

Time: 1.8810

Time: 1.8840

Time: 1.8870

Time: 1.8900

Time: 1.8930

Time: 1.8960

Time: 1.8990

Time: 1.9020

Time: 1.9050

Time: 1.9080

Time: 1.9110

Time: 1.9140

Time: 1.9170

Time: 1.9200

Time: 1.9230

Time: 1.9260

Time: 1.9290

Time: 1.9320

Time: 1.9350

Time: 1.9380

Time: 1.9410

Time: 1.9440

Time: 1.9470

Time: 1.9500

Time: 1.9530

Time: 1.9560

Time: 1.9590

Time: 1.9620

Time: 1.9650

Time: 1.9680

Time: 1.9710

Time: 1.9740

Time: 1.9770

Time: 1.9800

Time: 1.9830

Time: 1.9860

Time: 1.9890

Time: 1.9920

Time: 1.9950

Time: 1.9980

Time: 2.0010

Time: 2.0040

Time: 2.0070

Time: 2.0100

Time: 2.0130

Time: 2.0160

Time: 2.0190

Time: 2.0220

Time: 2.0250

Time: 2.0280

Time: 2.0310

Time: 2.0340

Time: 2.0370

Time: 2.0400

Time: 2.0430

Time: 2.0460

Time: 2.0490

Time: 2.0520

Time: 2.0550

Time: 2.0580

Time: 2.0610

Time: 2.0640

Time: 2.0670

Time: 2.0700

Time: 2.0730

Time: 2.0760

Time: 2.0790

Time: 2.0820

Time: 2.0850

Time: 2.0880

Time: 2.0910

Time: 2.0940

Time: 2.0970

Time: 2.1000

Time: 2.1030

Time: 2.1060

Time: 2.1090

Time: 2.1120

Time: 2.1150

Time: 2.1180

Time: 2.1210

Time: 2.1240

Time: 2.1270

Time: 2.1300

Time: 2.1330

Time: 2.1360

Time: 2.1390

Time: 2.1420

Time: 2.1450

Time: 2.1480

Time: 2.1510

Time: 2.1540

Time: 2.1570

Time: 2.1600

Time: 2.1630

Time: 2.1660

Time: 2.1690

Time: 2.1720

Time: 2.1750

Time: 2.1780

Time: 2.1810

Time: 2.1840

Time: 2.1870

Time: 2.1900

Time: 2.1930

Time: 2.1960

Time: 2.1990

Time: 2.2020

Time: 2.2050

Time: 2.2080

Time: 2.2110

Time: 2.2140

Time: 2.2170

Time: 2.2200

Time: 2.2230

Time: 2.2260

Time: 2.2290

Time: 2.2320

Time: 2.2350

Time: 2.2380

Time: 2.2410

Time: 2.2440

Time: 2.2470

Time: 2.2500

Time: 2.2530

Time: 2.2560

Time: 2.2590

Time: 2.2620

Time: 2.2650

Time: 2.2680

Time: 2.2710

Time: 2.2740

Time: 2.2770

Time: 2.2800

Time: 2.2830

Time: 2.2860

Time: 2.2890

Time: 2.2920

Time: 2.2950

Time: 2.2980

Time: 2.3010

Time: 2.3040

Time: 2.3070

Time: 2.3100

Time: 2.3130

Time: 2.3160

Time: 2.3190

Time: 2.3220

Time: 2.3250

Time: 2.3280

Time: 2.3310

Time: 2.3340

Time: 2.3370

Time: 2.3400

Time: 2.3430

Time: 2.3460

Time: 2.3490

Time: 2.3520

Time: 2.3550

Time: 2.3580

Time: 2.3610

Time: 2.3640

Time: 2.3670

Time: 2.3700

Time: 2.3730

Time: 2.3760

Time: 2.3790

Time: 2.3820

Time: 2.3850

Time: 2.3880

Time: 2.3910

Time: 2.3940

Time: 2.3970

Time: 2.4000

Time: 2.4030

Time: 2.4060

Time: 2.4090

Time: 2.4120

Time: 2.4150

Time: 2.4180

Time: 2.4210

Time: 2.4240

Time: 2.4270

Time: 2.4300

Time: 2.4330

Time: 2.4360

Time: 2.4390

Time: 2.4420

Time: 2.4450

Time: 2.4480

Time: 2.4510

Time: 2.4540

Time: 2.4570

Time: 2.4600

Time: 2.4630

Time: 2.4660

Time: 2.4690

Time: 2.4720

Time: 2.4750

Time: 2.4780

Time: 2.4810

Time: 2.4840

Time: 2.4870

Time: 2.4900

Time: 2.4930

Time: 2.4960

Time: 2.4990

Time: 2.5020

Time: 2.5050

Time: 2.5080

Time: 2.5110

Time: 2.5140

Time: 2.5170

Time: 2.5200

Time: 2.5230

Time: 2.5260

Time: 2.5290

Time: 2.5320

Time: 2.5350

Time: 2.5380

Time: 2.5410

Time: 2.5440

Time: 2.5470

Time: 2.5500

Time: 2.5530

Time: 2.5560

Time: 2.5590

Time: 2.5620

Time: 2.5650

Time: 2.5680

Time: 2.5710

Time: 2.5740

Time: 2.5770

Time: 2.5800

Time: 2.5830

Time: 2.5860

Time: 2.5890

Time: 2.5920

Time: 2.5950

Time: 2.5980

Time: 2.6010

Time: 2.6040

Time: 2.6070

Time: 2.6100

Time: 2.6130

Time: 2.6160

Time: 2.6190

Time: 2.6220

Time: 2.6250

Time: 2.6280

Time: 2.6310

Time: 2.6340

Time: 2.6370

Time: 2.6400

Time: 2.6430

Time: 2.6460

Time: 2.6490

Time: 2.6520

Time: 2.6550

Time: 2.6580

Time: 2.6610

Time: 2.6640

Time: 2.6670

Time: 2.6700

Time: 2.6730

Time: 2.6760

Time: 2.6790

Time: 2.6820

Time: 2.6850

Time: 2.6880

Time: 2.6910

Time: 2.6940

Time: 2.6970

Time: 2.7000

Time: 2.7030

Time: 2.7060

Time: 2.7090

Time: 2.7120

Time: 2.7150

Time: 2.7180

Time: 2.7210

Time: 2.7240

Time: 2.7270

Time: 2.7300

Time: 2.7330

Time: 2.7360

Time: 2.7390

Time: 2.7420

Time: 2.7450

Time: 2.7480

Time: 2.7510

Time: 2.7540

Time: 2.7570

Time: 2.7600

Time: 2.7630

Time: 2.7660

Time: 2.7690

Time: 2.7720

Time: 2.7750

Time: 2.7780

Time: 2.7810

Time: 2.7840

Time: 2.7870

Time: 2.7900

Time: 2.7930

Time: 2.7960

Time: 2.7990

Time: 2.8020

Time: 2.8050

Time: 2.8080

Time: 2.8110

Time: 2.8140

Time: 2.8170

Time: 2.8200

Time: 2.8230

Time: 2.8260

Time: 2.8290

Time: 2.8320

Time: 2.8350

Time: 2.8380

Time: 2.8410

Time: 2.8440

Time: 2.8470

Time: 2.8500

Time: 2.8530

Time: 2.8560

Time: 2.8590

Time: 2.8620

Time: 2.8650

Time: 2.8680

Time: 2.8710

Time: 2.8740

Time: 2.8770

Time: 2.8800

Time: 2.8830

Time: 2.8860

Time: 2.8890

Time: 2.8920

Time: 2.8950

Time: 2.8980

Time: 2.9010

Time: 2.9040

Time: 2.9070

Time: 2.9100

Time: 2.9130

Time: 2.9160

Time: 2.9190

Time: 2.9220

Time: 2.9250

Time: 2.9280

Time: 2.9310

Time: 2.9340

Time: 2.9370

Time: 2.9400

Time: 2.9430

Time: 2.9460

Time: 2.9490

Time: 2.9520

Time: 2.9550

Time: 2.9580

Time: 2.9610

Time: 2.9640

Time: 2.9670

Time: 2.9700

Time: 2.9730

Time: 2.9760

Time: 2.9790

Time: 2.9820

Time: 2.9850

Time: 2.9880

Time: 2.9910

Time: 2.9940

Time: 2.9970

Time: 3.0000

Time: 3.0030

Time: 3.0060

Time: 3.0090

Time: 3.0120

Time: 3.0150

Time: 3.0180

Time: 3.0210

Time: 3.0240

Time: 3.0270

Time: 3.0300

Time: 3.0330

Time: 3.0360

Time: 3.0390

Time: 3.0420

Time: 3.0450

Time: 3.0480

Time: 3.0510

Time: 3.0540

Time: 3.0570

Time: 3.0600

Time: 3.0630

Time: 3.0660

Time: 3.0690

Time: 3.0720

Time: 3.0750

Time: 3.0780

Time: 3.0810

Time: 3.0840

Time: 3.0870

Time: 3.0900

Time: 3.0930

Time: 3.0960

Time: 3.0990

Time: 3.1020

Time: 3.1050

Time: 3.1080

Time: 3.1110

Time: 3.1140

Time: 3.1170

Time: 3.1200

Time: 3.1230

Time: 3.1260

Time: 3.1290

Time: 3.1320

Time: 3.1350

Time: 3.1380

Time: 3.1410

Time: 3.1440

Time: 3.1470

Time: 3.1500

Time: 3.1530

Time: 3.1560

Time: 3.1590

Time: 3.1620

Time: 3.1650

Time: 3.1680

Time: 3.1710

Time: 3.1740

Time: 3.1770

Time: 3.1800

Time: 3.1830

Time: 3.1860

Time: 3.1890

Time: 3.1920

Time: 3.1950

Time: 3.1980

Time: 3.2010

Time: 3.2040

Time: 3.2070

Time: 3.2100

Time: 3.2130

Time: 3.2160

Time: 3.2190

Time: 3.2220

Time: 3.2250

Time: 3.2280

Time: 3.2310

Time: 3.2340

Time: 3.2370

Time: 3.2400

Time: 3.2430

Time: 3.2460

Time: 3.2490

Time: 3.2520

Time: 3.2550

Time: 3.2580

Time: 3.2610

Time: 3.2640

Time: 3.2670

Time: 3.2700

Time: 3.2730

Time: 3.2760

Time: 3.2790

Time: 3.2820

Time: 3.2850

Time: 3.2880

Time: 3.2910

Time: 3.2940

Time: 3.2970

Time: 3.3000

Time: 3.3030

Time: 3.3060

Time: 3.3090

Time: 3.3120

Time: 3.3150

Time: 3.3180

Time: 3.3210

Time: 3.3240

Time: 3.3270

Time: 3.3300

Time: 3.3330

Time: 3.3360

Time: 3.3390

Time: 3.3420

Time: 3.3450

Time: 3.3480

Time: 3.3510

Time: 3.3540

Time: 3.3570

Time: 3.3600

Time: 3.3630

Time: 3.3660

Time: 3.3690

Time: 3.3720

Time: 3.3750

Time: 3.3780

Time: 3.3810

Time: 3.3840

Time: 3.3870

Time: 3.3900

Time: 3.3930

Time: 3.3960

Time: 3.3990

Time: 3.4020

Time: 3.4050

Time: 3.4080

Time: 3.4110

Time: 3.4140

Time: 3.4170

Time: 3.4200

Time: 3.4230

Time: 3.4260

Time: 3.4290

Time: 3.4320

Time: 3.4350

Time: 3.4380

Time: 3.4410

Time: 3.4440

Time: 3.4470

Time: 3.4500

Time: 3.4530

Time: 3.4560

Time: 3.4590

Time: 3.4620

Time: 3.4650

Time: 3.4680

Time: 3.4710

Time: 3.4740

Time: 3.4770

Time: 3.4800

Time: 3.4830

Time: 3.4860

Time: 3.4890

Time: 3.4920

Time: 3.4950

Time: 3.4980

Time: 3.5010

Time: 3.5040

Time: 3.5070

Time: 3.5100

Time: 3.5130

Time: 3.5160

Time: 3.5190

Time: 3.5220

Time: 3.5250

Time: 3.5280

Time: 3.5310

Time: 3.5340

Time: 3.5370

Time: 3.5400

Time: 3.5430

Time: 3.5460

Time: 3.5490

Time: 3.5520

Time: 3.5550

Time: 3.5580

Time: 3.5610

Time: 3.5640

Time: 3.5670

Time: 3.5700

Time: 3.5730

Time: 3.5760

Time: 3.5790

Time: 3.5820

Time: 3.5850

Time: 3.5880

Time: 3.5910

Time: 3.5940

Time: 3.5970

Time: 3.6000

Time: 3.6030

Time: 3.6060

Time: 3.6090

Time: 3.6120

Time: 3.6150

Time: 3.6180

Time: 3.6210

Time: 3.6240

Time: 3.6270

Time: 3.6300

Time: 3.6330

Time: 3.6360

Time: 3.6390

Time: 3.6420

Time: 3.6450

Time: 3.6480

Time: 3.6510

Time: 3.6540

Time: 3.6570

Time: 3.6600

Time: 3.6630

Time: 3.6660

Time: 3.6690

Time: 3.6720

Time: 3.6750

Time: 3.6780

Time: 3.6810

Time: 3.6840

Time: 3.6870

Time: 3.6900

Time: 3.6930

Time: 3.6960

Time: 3.6990

Time: 3.7020

Time: 3.7050

Time: 3.7080

Time: 3.7110

Time: 3.7140

Time: 3.7170

Time: 3.7200

Time: 3.7230

Time: 3.7260

Time: 3.7290

Time: 3.7320

Time: 3.7350

Time: 3.7380

Time: 3.7410

Time: 3.7440

Time: 3.7470

Time: 3.7500

Time: 3.7530

Time: 3.7560

Time: 3.7590

Time: 3.7620

Time: 3.7650

Time: 3.7680

Time: 3.7710

Time: 3.7740

Time: 3.7770

Time: 3.7800

Time: 3.7830

Time: 3.7860

Time: 3.7890

Time: 3.7920

Time: 3.7950

Time: 3.7980

Time: 3.8010

Time: 3.8040

Time: 3.8070

Time: 3.8100

Time: 3.8130

Time: 3.8160

Time: 3.8190

Time: 3.8220

Time: 3.8250

Time: 3.8280

Time: 3.8310

Time: 3.8340

Time: 3.8370

Time: 3.8400

Time: 3.8430

Time: 3.8460

Time: 3.8490

Time: 3.8520

Time: 3.8550

Time: 3.8580

Time: 3.8610

Time: 3.8640

Time: 3.8670

Time: 3.8700

Time: 3.8730

Time: 3.8760

Time: 3.8790

Time: 3.8820

Time: 3.8850

Time: 3.8880

Time: 3.8910

Time: 3.8940

Time: 3.8970

Time: 3.9000

Time: 3.9030

Time: 3.9060

Time: 3.9090

Time: 3.9120

Time: 3.9150

Time: 3.9180

Time: 3.9210

Time: 3.9240

Time: 3.9270

Time: 3.9300

Time: 3.9330

Time: 3.9360

Time: 3.9390

Time: 3.9420

Time: 3.9450

Time: 3.9480

Time: 3.9510

Time: 3.9540

Time: 3.9570

Time: 3.9600

Time: 3.9630

Time: 3.9660

Time: 3.9690

Time: 3.9720

Time: 3.9750

Time: 3.9780

Time: 3.9810

Time: 3.9840

Time: 3.9870

Time: 3.9900

Time: 3.9930

Time: 3.9960

Time: 3.9990

Time: 4.0020

Time: 4.0050

Time: 4.0080

Time: 4.0110

Time: 4.0140

Time: 4.0170

Time: 4.0200

Time: 4.0230

Time: 4.0260

Time: 4.0290

Time: 4.0320

Time: 4.0350

Time: 4.0380

Time: 4.0410

Time: 4.0440

Time: 4.0470

Time: 4.0500

Time: 4.0530

Time: 4.0560

Time: 4.0590

Time: 4.0620

Time: 4.0650

Time: 4.0680

Time: 4.0710

Time: 4.0740

Time: 4.0770

Time: 4.0800

Time: 4.0830

Time: 4.0860

Time: 4.0890

Time: 4.0920

Time: 4.0950

Time: 4.0980

Time: 4.1010

Time: 4.1040

Time: 4.1070

Time: 4.1100

Time: 4.1130

Time: 4.1160

Time: 4.1190

Time: 4.1220

Time: 4.1250

Time: 4.1280

Time: 4.1310

Time: 4.1340

Time: 4.1370

Time: 4.1400

Time: 4.1430

Time: 4.1460

Time: 4.1490

Time: 4.1520

Time: 4.1550

Time: 4.1580

Time: 4.1610

Time: 4.1640

Time: 4.1670

Time: 4.1700

Time: 4.1730

Time: 4.1760

Time: 4.1790

Time: 4.1820

Time: 4.1850

Time: 4.1880

Time: 4.1910

Time: 4.1940

Time: 4.1970

Time: 4.2000

Time: 4.2030

Time: 4.2060

Time: 4.2090

Time: 4.2120

Time: 4.2150

Time: 4.2180

Time: 4.2210

Time: 4.2240

Time: 4.2270

Time: 4.2300

Time: 4.2330

Time: 4.2360

Time: 4.2390

Time: 4.2420

Time: 4.2450

Time: 4.2480

Time: 4.2510

Time: 4.2540

Time: 4.2570

Time: 4.2600

Time: 4.2630

Time: 4.2660

Time: 4.2690

Time: 4.2720

Time: 4.2750

Time: 4.2780

Time: 4.2810

Time: 4.2840

Time: 4.2870

Time: 4.2900

Time: 4.2930

Time: 4.2960

Time: 4.2990

Time: 4.3020

Time: 4.3050

Time: 4.3080

Time: 4.3110

Time: 4.3140

Time: 4.3170

Time: 4.3200

Time: 4.3230

Time: 4.3260

Time: 4.3290

Time: 4.3320

Time: 4.3350

Time: 4.3380

Time: 4.3410

Time: 4.3440

Time: 4.3470

Time: 4.3500

Time: 4.3530

Time: 4.3560

Time: 4.3590

Time: 4.3620

Time: 4.3650

Time: 4.3680

Time: 4.3710

Time: 4.3740

Time: 4.3770

Time: 4.3800

Time: 4.3830

Time: 4.3860

Time: 4.3890

Time: 4.3920

Time: 4.3950

Time: 4.3980

Time: 4.4010

Time: 4.4040

Time: 4.4070

Time: 4.4100

Time: 4.4130

Time: 4.4160

Time: 4.4190

Time: 4.4220

Time: 4.4250

Time: 4.4280

Time: 4.4310

Time: 4.4340

Time: 4.4370

Time: 4.4400

Time: 4.4430

Time: 4.4460

Time: 4.4490

Time: 4.4520

Time: 4.4550

Time: 4.4580

Time: 4.4610

Time: 4.4640

Time: 4.4670

Time: 4.4700

Time: 4.4730

Time: 4.4760

Time: 4.4790

Time: 4.4820

Time: 4.4850

Time: 4.4880

Time: 4.4910

Time: 4.4940

Time: 4.4970

Time: 4.5000

Time: 4.5030

Time: 4.5060

Time: 4.5090

Time: 4.5120

Time: 4.5150

Time: 4.5180

Time: 4.5210

Time: 4.5240

Time: 4.5270

Time: 4.5300

Time: 4.5330

Time: 4.5360

Time: 4.5390

Time: 4.5420

Time: 4.5450

Time: 4.5480

Time: 4.5510

Time: 4.5540

Time: 4.5570

Time: 4.5600

Time: 4.5630

Time: 4.5660

Time: 4.5690

Time: 4.5720

Time: 4.5750

Time: 4.5780

Time: 4.5810

Time: 4.5840

Time: 4.5870

Time: 4.5900

Time: 4.5930

Time: 4.5960

Time: 4.5990

Time: 4.6020

Time: 4.6050

Time: 4.6080

Time: 4.6110

Time: 4.6140

Time: 4.6170

Time: 4.6200

Time: 4.6230

Time: 4.6260

Time: 4.6290

Time: 4.6320

Time: 4.6350

Time: 4.6380

Time: 4.6410

Time: 4.6440

Time: 4.6470

Time: 4.6500

Time: 4.6530

Time: 4.6560

Time: 4.6590

Time: 4.6620

Time: 4.6650

Time: 4.6680

Time: 4.6710

Time: 4.6740

Time: 4.6770

Time: 4.6800

Time: 4.6830

Time: 4.6860

Time: 4.6890

Time: 4.6920

Time: 4.6950

Time: 4.6980

Time: 4.7010

Time: 4.7040

Time: 4.7070

Time: 4.7100

Time: 4.7130

Time: 4.7160

Time: 4.7190

Time: 4.7220

Time: 4.7250

Time: 4.7280

Time: 4.7310

Time: 4.7340

Time: 4.7370

Time: 4.7400

Time: 4.7430

Time: 4.7460

Time: 4.7490

Time: 4.7520

Time: 4.7550

Time: 4.7580

Time: 4.7610

Time: 4.7640

Time: 4.7670

Time: 4.7700

Time: 4.7730

Time: 4.7760

Time: 4.7790

Time: 4.7820

Time: 4.7850

Time: 4.7880

Time: 4.7910

Time: 4.7940

Time: 4.7970

Time: 4.8000

Time: 4.8030

Time: 4.8060

Time: 4.8090

Time: 4.8120

Time: 4.8150

Time: 4.8180

Time: 4.8210

Time: 4.8240

Time: 4.8270

Time: 4.8300

Time: 4.8330

Time: 4.8360

Time: 4.8390

Time: 4.8420

Time: 4.8450

Time: 4.8480

Time: 4.8510

Time: 4.8540

Time: 4.8570

Time: 4.8600

Time: 4.8630

Time: 4.8660

Time: 4.8690

Time: 4.8720

Time: 4.8750

Time: 4.8780

Time: 4.8810

Time: 4.8840

Time: 4.8870

Time: 4.8900

Time: 4.8930

Time: 4.8960

Time: 4.8990

Time: 4.9020

Time: 4.9050

Time: 4.9080

Time: 4.9110

Time: 4.9140

Time: 4.9170

Time: 4.9200

Time: 4.9230

Time: 4.9260

Time: 4.9290

Time: 4.9320

Time: 4.9350

Time: 4.9380

Time: 4.9410

Time: 4.9440

Time: 4.9470

Time: 4.9500

Time: 4.9530

Time: 4.9560

Time: 4.9590

Time: 4.9620

Time: 4.9650

Time: 4.9680

Time: 4.9710

Time: 4.9740

Time: 4.9770

Time: 4.9800

Time: 4.9830

Time: 4.9860

Time: 4.9890

Time: 4.9920

Time: 4.9950

Time: 4.9980

Time: 5.0010

Time: 5.0040

Time: 5.0070

Time: 5.0100

Time: 5.0130

Time: 5.0160

Time: 5.0190

Time: 5.0220

Time: 5.0250

Time: 5.0280

Time: 5.0310

Time: 5.0340

Time: 5.0370

Time: 5.0400

Time: 5.0430

Time: 5.0460

Time: 5.0490

Time: 5.0520

Time: 5.0550

Time: 5.0580

Time: 5.0610

Time: 5.0640

Time: 5.0670

Time: 5.0700

Time: 5.0730

Time: 5.0760

Time: 5.0790

Time: 5.0820

Time: 5.0850

Time: 5.0880

Time: 5.0910

Time: 5.0940

Time: 5.0970

Time: 5.1000

Time: 5.1030

Time: 5.1060

Time: 5.1090

Time: 5.1120

Time: 5.1150

Time: 5.1180

Time: 5.1210

Time: 5.1240

Time: 5.1270

Time: 5.1300

Time: 5.1330

Time: 5.1360

Time: 5.1390

Time: 5.1420

Time: 5.1450

Time: 5.1480

Time: 5.1510

Time: 5.1540

Time: 5.1570

Time: 5.1600

Time: 5.1630

Time: 5.1660

Time: 5.1690

Time: 5.1720

Time: 5.1750

Time: 5.1780

Time: 5.1810

Time: 5.1840

Time: 5.1870

Time: 5.1900

Time: 5.1930

Time: 5.1960

Time: 5.1990

Time: 5.2020

Time: 5.2050

Time: 5.2080

Time: 5.2110

Time: 5.2140

Time: 5.2170

Time: 5.2200

Time: 5.2230

Time: 5.2260

Time: 5.2290

Time: 5.2320

Time: 5.2350

Time: 5.2380

Time: 5.2410

Time: 5.2440

Time: 5.2470

Time: 5.2500

Time: 5.2530

Time: 5.2560

Time: 5.2590

Time: 5.2620

Time: 5.2650

Time: 5.2680

Time: 5.2710

Time: 5.2740

Time: 5.2770

Time: 5.2800

Time: 5.2830

Time: 5.2860

Time: 5.2890

Time: 5.2920

Time: 5.2950

Time: 5.2980

Time: 5.3010

Time: 5.3040

Time: 5.3070

Time: 5.3100

Time: 5.3130

Time: 5.3160

Time: 5.3190

Time: 5.3220

Time: 5.3250

Time: 5.3280

Time: 5.3310

Time: 5.3340

Time: 5.3370

Time: 5.3400

Time: 5.3430

Time: 5.3460

Time: 5.3490

Time: 5.3520

Time: 5.3550

Time: 5.3580

Time: 5.3610

Time: 5.3640

Time: 5.3670

Time: 5.3700

Time: 5.3730

Time: 5.3760

Time: 5.3790

Time: 5.3820

Time: 5.3850

Time: 5.3880

Time: 5.3910

Time: 5.3940

Time: 5.3970

Time: 5.4000

Time: 5.4030

Time: 5.4060

Time: 5.4090

Time: 5.4120

Time: 5.4150

Time: 5.4180

Time: 5.4210

Time: 5.4240

Time: 5.4270

Time: 5.4300

Time: 5.4330

Time: 5.4360

Time: 5.4390

Time: 5.4420

Time: 5.4450

Time: 5.4480

Time: 5.4510

Time: 5.4540

Time: 5.4570

Time: 5.4600

Time: 5.4630

Time: 5.4660

Time: 5.4690

Time: 5.4720

Time: 5.4750

Time: 5.4780

Time: 5.4810

Time: 5.4840

Time: 5.4870

Time: 5.4900

Time: 5.4930

Time: 5.4960

Time: 5.4990

Time: 5.5020

Time: 5.5050

Time: 5.5080

Time: 5.5110

Time: 5.5140

Time: 5.5170

Time: 5.5200

Time: 5.5230

Time: 5.5260

Time: 5.5290

Time: 5.5320

Time: 5.5350

Time: 5.5380

Time: 5.5410

Time: 5.5440

Time: 5.5470

Time: 5.5500

Time: 5.5530

Time: 5.5560

Time: 5.5590

Time: 5.5620

Time: 5.5650

Time: 5.5680

Time: 5.5710

Time: 5.5740

Time: 5.5770

Time: 5.5800

Time: 5.5830

Time: 5.5860

Time: 5.5890

Time: 5.5920

Time: 5.5950

Time: 5.5980

Time: 5.6010

Time: 5.6040

Time: 5.6070

Time: 5.6100

Time: 5.6130

Time: 5.6160

Time: 5.6190

Time: 5.6220

Time: 5.6250

Time: 5.6280

Time: 5.6310

Time: 5.6340

Time: 5.6370

Time: 5.6400

Time: 5.6430

Time: 5.6460

Time: 5.6490

Time: 5.6520

Time: 5.6550

Time: 5.6580

Time: 5.6610

Time: 5.6640

Time: 5.6670

Time: 5.6700

Time: 5.6730

Time: 5.6760

Time: 5.6790

Time: 5.6820

Time: 5.6850

Time: 5.6880

Time: 5.6910

Time: 5.6940

Time: 5.6970

Time: 5.7000

Time: 5.7030

Time: 5.7060

Time: 5.7090

Time: 5.7120

Time: 5.7150

Time: 5.7180

Time: 5.7210

Time: 5.7240

Time: 5.7270

Time: 5.7300

Time: 5.7330

Time: 5.7360

Time: 5.7390

Time: 5.7420

Time: 5.7450

Time: 5.7480

Time: 5.7510

Time: 5.7540

Time: 5.7570

Time: 5.7600

Time: 5.7630

Time: 5.7660

Time: 5.7690

Time: 5.7720

Time: 5.7750

Time: 5.7780

Time: 5.7810

Time: 5.7840

Time: 5.7870

Time: 5.7900

Time: 5.7930

Time: 5.7960

Time: 5.7990

Time: 5.8020

Time: 5.8050

Time: 5.8080

Time: 5.8110

Time: 5.8140

Time: 5.8170

Time: 5.8200

Time: 5.8230

Time: 5.8260

Time: 5.8290

Time: 5.8320

Time: 5.8350

Time: 5.8380

Time: 5.8410

Time: 5.8440

Time: 5.8470

Time: 5.8500

Time: 5.8530

Time: 5.8560

Time: 5.8590

Time: 5.8620

Time: 5.8650

Time: 5.8680

Time: 5.8710

Time: 5.8740

Time: 5.8770

Time: 5.8800

Time: 5.8830

Time: 5.8860

Time: 5.8890

Time: 5.8920

Time: 5.8950

Time: 5.8980

Time: 5.9010

Time: 5.9040

Time: 5.9070

Time: 5.9100

Time: 5.9130

Time: 5.9160

Time: 5.9190

Time: 5.9220

Time: 5.9250

Time: 5.9280

Time: 5.9310

Time: 5.9340

Time: 5.9370

Time: 5.9400

Time: 5.9430

Time: 5.9460

Time: 5.9490

Time: 5.9520

Time: 5.9550

Time: 5.9580

Time: 5.9610

Time: 5.9640

Time: 5.9670

Time: 5.9700

Time: 5.9730

Time: 5.9760

Time: 5.9790

Time: 5.9820

Time: 5.9850

Time: 5.9880

Time: 5.9910

Time: 5.9940

Time: 5.9970

Time: 6.0000

Time: 6.0030

Time: 6.0060

Time: 6.0090

Time: 6.0120

Time: 6.0150

Time: 6.0180

Time: 6.0210

Time: 6.0240

Time: 6.0270

Time: 6.0300

Time: 6.0330

Time: 6.0360

Time: 6.0390

Time: 6.0420

Time: 6.0450

Time: 6.0480

Time: 6.0510

Time: 6.0540

Time: 6.0570

Time: 6.0600

Time: 6.0630

Time: 6.0660

Time: 6.0690

Time: 6.0720

Time: 6.0750

Time: 6.0780

Time: 6.0810

Time: 6.0840

Time: 6.0870

Time: 6.0900

Time: 6.0930

Time: 6.0960

Time: 6.0990

Time: 6.1020

Time: 6.1050

Time: 6.1080

Time: 6.1110

Time: 6.1140

Time: 6.1170

Time: 6.1200

Time: 6.1230

Time: 6.1260

Time: 6.1290

Time: 6.1320

Time: 6.1350

Time: 6.1380

Time: 6.1410

Time: 6.1440

Time: 6.1470

Time: 6.1500

Time: 6.1530

Time: 6.1560

Time: 6.1590

Time: 6.1620

Time: 6.1650

Time: 6.1680

Time: 6.1710

Time: 6.1740

Time: 6.1770

Time: 6.1800

Time: 6.1830

Time: 6.1860

Time: 6.1890

Time: 6.1920

Time: 6.1950

Time: 6.1980

Time: 6.2010

Time: 6.2040

Time: 6.2070

Time: 6.2100

Time: 6.2130

Time: 6.2160

Time: 6.2190

Time: 6.2220

Time: 6.2250

Time: 6.2280

Time: 6.2310

Time: 6.2340

Time: 6.2370

Time: 6.2400

Time: 6.2430

Time: 6.2460

Time: 6.2490

Time: 6.2520

Time: 6.2550

Time: 6.2580

Time: 6.2610

Time: 6.2640

Time: 6.2670

Time: 6.2700

Time: 6.2730

Time: 6.2760

Time: 6.2790

Time: 6.2820

Time: 6.2850

Time: 6.2880

Time: 6.2910

Time: 6.2940

Time: 6.2970

Time: 6.3000

Time: 6.3030

Time: 6.3060

Time: 6.3090

Time: 6.3120

Time: 6.3150

Time: 6.3180

Time: 6.3210

Time: 6.3240

Time: 6.3270

Time: 6.3300

Time: 6.3330

Time: 6.3360

Time: 6.3390

Time: 6.3420

Time: 6.3450

Time: 6.3480

Time: 6.3510

Time: 6.3540

Time: 6.3570

Time: 6.3600

Time: 6.3630

Time: 6.3660

Time: 6.3690

Time: 6.3720

Time: 6.3750

Time: 6.3780

Time: 6.3810

Time: 6.3840

Time: 6.3870

Time: 6.3900

Time: 6.3930

Time: 6.3960

Time: 6.3990

Time: 6.4020

Time: 6.4050

Time: 6.4080

Time: 6.4110

Time: 6.4140

Time: 6.4170

Time: 6.4200

Time: 6.4230

Time: 6.4260

Time: 6.4290

Time: 6.4320

Time: 6.4350

Time: 6.4380

Time: 6.4410

Time: 6.4440

Time: 6.4470

Time: 6.4500

Time: 6.4530

Time: 6.4560

Time: 6.4590

Time: 6.4620

Time: 6.4650

Time: 6.4680

Time: 6.4710

Time: 6.4740

Time: 6.4770

Time: 6.4800

Time: 6.4830

Time: 6.4860

Time: 6.4890

Time: 6.4920

Time: 6.4950

Time: 6.4980

Time: 6.5010

Time: 6.5040

Time: 6.5070

Time: 6.5100

Time: 6.5130

Time: 6.5160

Time: 6.5190

Time: 6.5220

Time: 6.5250

Time: 6.5280

Time: 6.5310

Time: 6.5340

Time: 6.5370

Time: 6.5400

Time: 6.5430

Time: 6.5460

Time: 6.5490

Time: 6.5520

Time: 6.5550

Time: 6.5580

Time: 6.5610

Time: 6.5640

Time: 6.5670

Time: 6.5700

Time: 6.5730

Time: 6.5760

Time: 6.5790

Time: 6.5820

Time: 6.5850

Time: 6.5880

Time: 6.5910

Time: 6.5940

Time: 6.5970

Time: 6.6000

Time: 6.6030

Time: 6.6060

Time: 6.6090

Time: 6.6120

Time: 6.6150

Time: 6.6180

Time: 6.6210

Time: 6.6240

Time: 6.6270

Time: 6.6300

Time: 6.6330

Time: 6.6360

Time: 6.6390

Time: 6.6420

Time: 6.6450

Time: 6.6480

Time: 6.6510

Time: 6.6540

Time: 6.6570

Time: 6.6600

Time: 6.6630

Time: 6.6660

Time: 6.6690

Time: 6.6720

Time: 6.6750

Time: 6.6780

Time: 6.6810

Time: 6.6840

Time: 6.6870

Time: 6.6900

Time: 6.6930

Time: 6.6960

Time: 6.6990

Time: 6.7020

Time: 6.7050

Time: 6.7080

Time: 6.7110

Time: 6.7140

Time: 6.7170

Time: 6.7200

Time: 6.7230

Time: 6.7260

Time: 6.7290

Time: 6.7320

Time: 6.7350

Time: 6.7380

Time: 6.7410

Time: 6.7440

Time: 6.7470

Time: 6.7500

Time: 6.7530

Time: 6.7560

Time: 6.7590

Time: 6.7620

Time: 6.7650

Time: 6.7680

Time: 6.7710

Time: 6.7740

Time: 6.7770

Time: 6.7800

Time: 6.7830

Time: 6.7860

Time: 6.7890

Time: 6.7920

Time: 6.7950

Time: 6.7980

Time: 6.8010

Time: 6.8040

Time: 6.8070

Time: 6.8100

Time: 6.8130

Time: 6.8160

Time: 6.8190

Time: 6.8220

Time: 6.8250

Time: 6.8280

Time: 6.8310

Time: 6.8340

Time: 6.8370

Time: 6.8400

Time: 6.8430

Time: 6.8460

Time: 6.8490

Time: 6.8520

Time: 6.8550

Time: 6.8580

Time: 6.8610

Time: 6.8640

Time: 6.8670

Time: 6.8700

Time: 6.8730

Time: 6.8760

Time: 6.8790

Time: 6.8820

Time: 6.8850

Time: 6.8880

Time: 6.8910

Time: 6.8940

Time: 6.8970

Time: 6.9000

Time: 6.9030

Time: 6.9060

Time: 6.9090

Time: 6.9120

Time: 6.9150

Time: 6.9180

Time: 6.9210

Time: 6.9240

Time: 6.9270

Time: 6.9300

Time: 6.9330

Time: 6.9360

Time: 6.9390

Time: 6.9420

Time: 6.9450

Time: 6.9480

Time: 6.9510

Time: 6.9540

Time: 6.9570

Time: 6.9600

Time: 6.9630

Time: 6.9660

Time: 6.9690

Time: 6.9720

Time: 6.9750

Time: 6.9780

Time: 6.9810

Time: 6.9840

Time: 6.9870

Time: 6.9900

Time: 6.9930

Time: 6.9960

Time: 6.9990

Time: 7.0020

Time: 7.0050

Time: 7.0080

Time: 7.0110

Time: 7.0140

Time: 7.0170

Time: 7.0200

Time: 7.0230

Time: 7.0260

Time: 7.0290

Time: 7.0320

Time: 7.0350

Time: 7.0380

Time: 7.0410

Time: 7.0440

Time: 7.0470

Time: 7.0500

Time: 7.0530

Time: 7.0560

Time: 7.0590

Time: 7.0620

Time: 7.0650

Time: 7.0680

Time: 7.0710

Time: 7.0740

Time: 7.0770

Time: 7.0800

Time: 7.0830

Time: 7.0860

Time: 7.0890

Time: 7.0920

Time: 7.0950

Time: 7.0980

Time: 7.1010

Time: 7.1040

Time: 7.1070

Time: 7.1100

Time: 7.1130

Time: 7.1160

Time: 7.1190

Time: 7.1220

Time: 7.1250

Time: 7.1280

Time: 7.1310

Time: 7.1340

Time: 7.1370

Time: 7.1400

Time: 7.1430

Time: 7.1460

Time: 7.1490

Time: 7.1520

Time: 7.1550

Time: 7.1580

Time: 7.1610

Time: 7.1640

Time: 7.1670

Time: 7.1700

Time: 7.1730

Time: 7.1760

Time: 7.1790

Time: 7.1820

Time: 7.1850

Time: 7.1880

Time: 7.1910

Time: 7.1940

Time: 7.1970

Time: 7.2000

Time: 7.2030

Time: 7.2060

Time: 7.2090

Time: 7.2120

Time: 7.2150

Time: 7.2180

Time: 7.2210

Time: 7.2240

Time: 7.2270

Time: 7.2300

Time: 7.2330

Time: 7.2360

Time: 7.2390

Time: 7.2420

Time: 7.2450

Time: 7.2480

Time: 7.2510

Time: 7.2540

Time: 7.2570

Time: 7.2600

Time: 7.2630

Time: 7.2660

Time: 7.2690

Time: 7.2720

Time: 7.2750

Time: 7.2780

Time: 7.2810

Time: 7.2840

Time: 7.2870

Time: 7.2900

Time: 7.2930

Time: 7.2960

Time: 7.2990

Time: 7.3020

Time: 7.3050

Time: 7.3080

Time: 7.3110

Time: 7.3140

Time: 7.3170

Time: 7.3200

Time: 7.3230

Time: 7.3260

Time: 7.3290

Time: 7.3320

Time: 7.3350

Time: 7.3380

Time: 7.3410

Time: 7.3440

Time: 7.3470

Time: 7.3500

Time: 7.3530

Time: 7.3560

Time: 7.3590

Time: 7.3620

Time: 7.3650

Time: 7.3680

Time: 7.3710

Time: 7.3740

Time: 7.3770

Time: 7.3800

Time: 7.3830

Time: 7.3860

Time: 7.3890

Time: 7.3920

Time: 7.3950

Time: 7.3980

Time: 7.4010

Time: 7.4040

Time: 7.4070

Time: 7.4100

Time: 7.4130

Time: 7.4160

Time: 7.4190

Time: 7.4220

Time: 7.4250

Time: 7.4280

Time: 7.4310

Time: 7.4340

Time: 7.4370

Time: 7.4400

Time: 7.4430

Time: 7.4460

Time: 7.4490

Time: 7.4520

Time: 7.4550

Time: 7.4580

Time: 7.4610

Time: 7.4640

Time: 7.4670

Time: 7.4700

Time: 7.4730

Time: 7.4760

Time: 7.4790

Time: 7.4820

Time: 7.4850

Time: 7.4880

Time: 7.4910

Time: 7.4940

Time: 7.4970

Time: 7.5000

Time: 7.5030

Time: 7.5060

Time: 7.5090

Time: 7.5120

Time: 7.5150

Time: 7.5180

Time: 7.5210

Time: 7.5240

Time: 7.5270

Time: 7.5300

Time: 7.5330

Time: 7.5360

Time: 7.5390

Time: 7.5420

Time: 7.5450

Time: 7.5480

Time: 7.5510

Time: 7.5540

Time: 7.5570

Time: 7.5600

Time: 7.5630

Time: 7.5660

Time: 7.5690

Time: 7.5720

Time: 7.5750

Time: 7.5780

Time: 7.5810

Time: 7.5840

Time: 7.5870

Time: 7.5900

Time: 7.5930

Time: 7.5960

Time: 7.5990

Time: 7.6020

Time: 7.6050

Time: 7.6080

Time: 7.6110

Time: 7.6140

Time: 7.6170

Time: 7.6200

Time: 7.6230

Time: 7.6260

Time: 7.6290

Time: 7.6320

Time: 7.6350

Time: 7.6380

Time: 7.6410

Time: 7.6440

Time: 7.6470

Time: 7.6500

Time: 7.6530

Time: 7.6560

Time: 7.6590

Time: 7.6620

Time: 7.6650

Time: 7.6680

Time: 7.6710

Time: 7.6740

Time: 7.6770

Time: 7.6800

Time: 7.6830

Time: 7.6860

Time: 7.6890

Time: 7.6920

Time: 7.6950

Time: 7.6980

Time: 7.7010

Time: 7.7040

Time: 7.7070

Time: 7.7100

Time: 7.7130

Time: 7.7160

Time: 7.7190

Time: 7.7220

Time: 7.7250

Time: 7.7280

Time: 7.7310

Time: 7.7340

Time: 7.7370

Time: 7.7400

Time: 7.7430

Time: 7.7460

Time: 7.7490

Time: 7.7520

Time: 7.7550

Time: 7.7580

Time: 7.7610

Time: 7.7640

Time: 7.7670

Time: 7.7700

Time: 7.7730

Time: 7.7760

Time: 7.7790

Time: 7.7820

Time: 7.7850

Time: 7.7880

Time: 7.7910

Time: 7.7940

Time: 7.7970

Time: 7.8000

Time: 7.8030

Time: 7.8060

Time: 7.8090

Time: 7.8120

Time: 7.8150

Time: 7.8180

Time: 7.8210

Time: 7.8240

Time: 7.8270

Time: 7.8300

Time: 7.8330

Time: 7.8360

Time: 7.8390

Time: 7.8420

Time: 7.8450

Time: 7.8480

Time: 7.8510

Time: 7.8540

Time: 7.8570

Time: 7.8600

Time: 7.8630

Time: 7.8660

Time: 7.8690

Time: 7.8720

Time: 7.8750

Time: 7.8780

Time: 7.8810

Time: 7.8840

Time: 7.8870

Time: 7.8900

Time: 7.8930

Time: 7.8960

Time: 7.8990

Time: 7.9020

Time: 7.9050

Time: 7.9080

Time: 7.9110

Time: 7.9140

Time: 7.9170

Time: 7.9200

Time: 7.9230

Time: 7.9260

Time: 7.9290

Time: 7.9320

Time: 7.9350

Time: 7.9380

Time: 7.9410

Time: 7.9440

Time: 7.9470

Time: 7.9500

Time: 7.9530

Time: 7.9560

Time: 7.9590

Time: 7.9620

Time: 7.9650

Time: 7.9680

Time: 7.9710

Time: 7.9740

Time: 7.9770

Time: 7.9800

Time: 7.9830

Time: 7.9860

Time: 7.9890

Time: 7.9920

Time: 7.9950

Time: 7.9980

Time: 8.0010

Time: 8.0040

Time: 8.0070

Time: 8.0100

Time: 8.0130

Time: 8.0160

Time: 8.0190

Time: 8.0220

Time: 8.0250

Time: 8.0280

Time: 8.0310

Time: 8.0340

Time: 8.0370

Time: 8.0400

Time: 8.0430

Time: 8.0460

Time: 8.0490

Time: 8.0520

Time: 8.0550

Time: 8.0580

Time: 8.0610

Time: 8.0640

Time: 8.0670

Time: 8.0700

Time: 8.0730

Time: 8.0760

Time: 8.0790

Time: 8.0820

Time: 8.0850

Time: 8.0880

Time: 8.0910

Time: 8.0940

Time: 8.0970

Time: 8.1000

Time: 8.1030

Time: 8.1060

Time: 8.1090

Time: 8.1120

Time: 8.1150

Time: 8.1180

Time: 8.1210

Time: 8.1240

Time: 8.1270

Time: 8.1300

Time: 8.1330

Time: 8.1360

Time: 8.1390

Time: 8.1420

Time: 8.1450

Time: 8.1480

Time: 8.1510

Time: 8.1540

Time: 8.1570

Time: 8.1600

Time: 8.1630

Time: 8.1660

Time: 8.1690

Time: 8.1720

Time: 8.1750

Time: 8.1780

Time: 8.1810

Time: 8.1840

Time: 8.1870

Time: 8.1900

Time: 8.1930

Time: 8.1960

Time: 8.1990

Time: 8.2020

Time: 8.2050

Time: 8.2080

Time: 8.2110

Time: 8.2140

Time: 8.2170

Time: 8.2200

Time: 8.2230

Time: 8.2260

Time: 8.2290

Time: 8.2320

Time: 8.2350

Time: 8.2380

Time: 8.2410

Time: 8.2440

Time: 8.2470

Time: 8.2500

Time: 8.2530

Time: 8.2560

Time: 8.2590

Time: 8.2620

Time: 8.2650

Time: 8.2680

Time: 8.2710

Time: 8.2740

Time: 8.2770

Time: 8.2800

Time: 8.2830

Time: 8.2860

Time: 8.2890

Time: 8.2920

Time: 8.2950

Time: 8.2980

Time: 8.3010

Time: 8.3040

Time: 8.3070

Time: 8.3100

Time: 8.3130

Time: 8.3160

Time: 8.3190

Time: 8.3220

Time: 8.3250

Time: 8.3280

Time: 8.3310

Time: 8.3340

Time: 8.3370

Time: 8.3400

Time: 8.3430

Time: 8.3460

Time: 8.3490

Time: 8.3520

Time: 8.3550

Time: 8.3580

Time: 8.3610

Time: 8.3640

Time: 8.3670

Time: 8.3700

Time: 8.3730

Time: 8.3760

Time: 8.3790

Time: 8.3820

Time: 8.3850

Time: 8.3880

Time: 8.3910

Time: 8.3940

Time: 8.3970

Time: 8.4000

Time: 8.4030

Time: 8.4060

Time: 8.4090

Time: 8.4120

Time: 8.4150

Time: 8.4180

Time: 8.4210

Time: 8.4240

Time: 8.4270

Time: 8.4300

Time: 8.4330

Time: 8.4360

Time: 8.4390

Time: 8.4420

Time: 8.4450

Time: 8.4480

Time: 8.4510

Time: 8.4540

Time: 8.4570

Time: 8.4600

Time: 8.4630

Time: 8.4660

Time: 8.4690

Time: 8.4720

Time: 8.4750

Time: 8.4780

Time: 8.4810

Time: 8.4840

Time: 8.4870

Time: 8.4900

Time: 8.4930

Time: 8.4960

Time: 8.4990

Time: 8.5020

Time: 8.5050

Time: 8.5080

Time: 8.5110

Time: 8.5140

Time: 8.5170

Time: 8.5200

Time: 8.5230

Time: 8.5260

Time: 8.5290

Time: 8.5320

Time: 8.5350

Time: 8.5380

Time: 8.5410

Time: 8.5440

Time: 8.5470

Time: 8.5500

Time: 8.5530

Time: 8.5560

Time: 8.5590

Time: 8.5620

Time: 8.5650

Time: 8.5680

Time: 8.5710

Time: 8.5740

Time: 8.5770

Time: 8.5800

Time: 8.5830

Time: 8.5860

Time: 8.5890

Time: 8.5920

Time: 8.5950

Time: 8.5980

Time: 8.6010

Time: 8.6040

Time: 8.6070

Time: 8.6100

Time: 8.6130

Time: 8.6160

Time: 8.6190

Time: 8.6220

Time: 8.6250

Time: 8.6280

Time: 8.6310

Time: 8.6340

Time: 8.6370

Time: 8.6400

Time: 8.6430

Time: 8.6460

Time: 8.6490

Time: 8.6520

Time: 8.6550

Time: 8.6580

Time: 8.6610

Time: 8.6640

Time: 8.6670

Time: 8.6700

Time: 8.6730

Time: 8.6760

Time: 8.6790

Time: 8.6820

Time: 8.6850

Time: 8.6880

Time: 8.6910

Time: 8.6940

Time: 8.6970

Time: 8.7000

Time: 8.7030

Time: 8.7060

Time: 8.7090

Time: 8.7120

Time: 8.7150

Time: 8.7180

Time: 8.7210

Time: 8.7240

Time: 8.7270

Time: 8.7300

Time: 8.7330

Time: 8.7360

Time: 8.7390

Time: 8.7420

Time: 8.7450

Time: 8.7480

Time: 8.7510

Time: 8.7540

Time: 8.7570

Time: 8.7600

Time: 8.7630

Time: 8.7660

Time: 8.7690

Time: 8.7720

Time: 8.7750

Time: 8.7780

Time: 8.7810

Time: 8.7840

Time: 8.7870

Time: 8.7900

Time: 8.7930

Time: 8.7960

Time: 8.7990

Time: 8.8020

Time: 8.8050

Time: 8.8080

Time: 8.8110

Time: 8.8140

Time: 8.8170

Time: 8.8200

Time: 8.8230

Time: 8.8260

Time: 8.8290

Time: 8.8320

Time: 8.8350

Time: 8.8380

Time: 8.8410

Time: 8.8440

Time: 8.8470

Time: 8.8500

Time: 8.8530

Time: 8.8560

Time: 8.8590

Time: 8.8620

Time: 8.8650

Time: 8.8680

Time: 8.8710

Time: 8.8740

Time: 8.8770

Time: 8.8800

Time: 8.8830

Time: 8.8860

Time: 8.8890

Time: 8.8920

Time: 8.8950

Time: 8.8980

Time: 8.9010

Time: 8.9040

Time: 8.9070

Time: 8.9100

Time: 8.9130

Time: 8.9160

Time: 8.9190

Time: 8.9220

Time: 8.9250

Time: 8.9280

Time: 8.9310

Time: 8.9340

Time: 8.9370

Time: 8.9400

Time: 8.9430

Time: 8.9460

Time: 8.9490

Time: 8.9520

Time: 8.9550

Time: 8.9580

Time: 8.9610

Time: 8.9640

Time: 8.9670

Time: 8.9700

Time: 8.9730

Time: 8.9760

Time: 8.9790

Time: 8.9820

Time: 8.9850

Time: 8.9880

Time: 8.9910

Time: 8.9940

Time: 8.9970

Time: 9.0000

Time: 9.0030

Time: 9.0060

Time: 9.0090

Time: 9.0120

Time: 9.0150

Time: 9.0180

Time: 9.0210

Time: 9.0240

Time: 9.0270

Time: 9.0300

Time: 9.0330

Time: 9.0360

Time: 9.0390

Time: 9.0420

Time: 9.0450

Time: 9.0480

Time: 9.0510

Time: 9.0540

Time: 9.0570

Time: 9.0600

Time: 9.0630

Time: 9.0660

Time: 9.0690

Time: 9.0720

Time: 9.0750

Time: 9.0780

Time: 9.0810

Time: 9.0840

Time: 9.0870

Time: 9.0900

Time: 9.0930

Time: 9.0960

Time: 9.0990

Time: 9.1020

Time: 9.1050

Time: 9.1080

Time: 9.1110

Time: 9.1140

Time: 9.1170

Time: 9.1200

Time: 9.1230

Time: 9.1260

Time: 9.1290

Time: 9.1320

Time: 9.1350

Time: 9.1380

Time: 9.1410

Time: 9.1440

Time: 9.1470

Time: 9.1500

Time: 9.1530

Time: 9.1560

Time: 9.1590

Time: 9.1620

Time: 9.1650

Time: 9.1680

Time: 9.1710

Time: 9.1740

Time: 9.1770

Time: 9.1800

Time: 9.1830

Time: 9.1860

Time: 9.1890

Time: 9.1920

Time: 9.1950

Time: 9.1980

Time: 9.2010

Time: 9.2040

Time: 9.2070

Time: 9.2100

Time: 9.2130

Time: 9.2160

Time: 9.2190

Time: 9.2220

Time: 9.2250

Time: 9.2280

Time: 9.2310

Time: 9.2340

Time: 9.2370

Time: 9.2400

Time: 9.2430

Time: 9.2460

Time: 9.2490

Time: 9.2520

Time: 9.2550

Time: 9.2580

Time: 9.2610

Time: 9.2640

Time: 9.2670

Time: 9.2700

Time: 9.2730

Time: 9.2760

Time: 9.2790

Time: 9.2820

Time: 9.2850

Time: 9.2880

Time: 9.2910

Time: 9.2940

Time: 9.2970

Time: 9.3000

Time: 9.3030

Time: 9.3060

Time: 9.3090

Time: 9.3120

Time: 9.3150

Time: 9.3180

Time: 9.3210

Time: 9.3240

Time: 9.3270

Time: 9.3300

Time: 9.3330

Time: 9.3360

Time: 9.3390

Time: 9.3420

Time: 9.3450

Time: 9.3480

Time: 9.3510

Time: 9.3540

Time: 9.3570

Time: 9.3600

Time: 9.3630

Time: 9.3660

Time: 9.3690

Time: 9.3720

Time: 9.3750

Time: 9.3780

Time: 9.3810

Time: 9.3840

Time: 9.3870

Time: 9.3900

Time: 9.3930

Time: 9.3960

Time: 9.3990

Time: 9.4020

Time: 9.4050

Time: 9.4080

Time: 9.4110

Time: 9.4140

Time: 9.4170

Time: 9.4200

Time: 9.4230

Time: 9.4260

Time: 9.4290

Time: 9.4320

Time: 9.4350

Time: 9.4380

Time: 9.4410

Time: 9.4440

Time: 9.4470

Time: 9.4500

Time: 9.4530

Time: 9.4560

Time: 9.4590

Time: 9.4620

Time: 9.4650

Time: 9.4680

Time: 9.4710

Time: 9.4740

Time: 9.4770

Time: 9.4800

Time: 9.4830

Time: 9.4860

Time: 9.4890

Time: 9.4920

Time: 9.4950

Time: 9.4980

Time: 9.5010

Time: 9.5040

Time: 9.5070

Time: 9.5100

Time: 9.5130

Time: 9.5160

Time: 9.5190

Time: 9.5220

Time: 9.5250

Time: 9.5280

Time: 9.5310

Time: 9.5340

Time: 9.5370

Time: 9.5400

Time: 9.5430

Time: 9.5460

Time: 9.5490

Time: 9.5520

Time: 9.5550

Time: 9.5580

Time: 9.5610

Time: 9.5640

Time: 9.5670

Time: 9.5700

Time: 9.5730

Time: 9.5760

Time: 9.5790

Time: 9.5820

Time: 9.5850

Time: 9.5880

Time: 9.5910

Time: 9.5940

Time: 9.5970

Time: 9.6000

Time: 9.6030

Time: 9.6060

Time: 9.6090

Time: 9.6120

Time: 9.6150

Time: 9.6180

Time: 9.6210

Time: 9.6240

Time: 9.6270

Time: 9.6300

Time: 9.6330

Time: 9.6360

Time: 9.6390

Time: 9.6420

Time: 9.6450

Time: 9